0 info it worked if it ends with ok
1 verbose cli [ 'C:\\Program Files\\nodejs\\node.exe',
1 verbose cli   'C:\\Program Files\\nodejs\\node_modules\\npm\\bin\\npm-cli.js',
1 verbose cli   'install',
1 verbose cli   '-g',
1 verbose cli   'gulp-cli' ]
2 info using npm@2.15.8
3 info using node@v4.4.7
4 verbose install initial load of C:\Users\mjd\AppData\Roaming\npm\package.json
5 verbose readDependencies loading dependencies from C:\Users\mjd\AppData\Roaming\npm\package.json
6 silly cache add args [ 'gulp-cli', null ]
7 verbose cache add spec gulp-cli
8 silly cache add parsed spec Result {
8 silly cache add   raw: 'gulp-cli',
8 silly cache add   scope: null,
8 silly cache add   name: 'gulp-cli',
8 silly cache add   rawSpec: '',
8 silly cache add   spec: 'latest',
8 silly cache add   type: 'tag' }
9 silly addNamed gulp-cli@latest
10 verbose addNamed "latest" is being treated as a dist-tag for gulp-cli
11 info addNameTag [ 'gulp-cli', 'latest' ]
12 silly mapToRegistry name gulp-cli
13 silly mapToRegistry using default registry
14 silly mapToRegistry registry https://registry.npmjs.org/
15 silly mapToRegistry data Result {
15 silly mapToRegistry   raw: 'gulp-cli',
15 silly mapToRegistry   scope: null,
15 silly mapToRegistry   name: 'gulp-cli',
15 silly mapToRegistry   rawSpec: '',
15 silly mapToRegistry   spec: 'latest',
15 silly mapToRegistry   type: 'tag' }
16 silly mapToRegistry uri https://registry.npmjs.org/gulp-cli
17 verbose addNameTag registry:https://registry.npmjs.org/gulp-cli not in flight; fetching
18 verbose request uri https://registry.npmjs.org/gulp-cli
19 verbose request no auth needed
20 info attempt registry request try #1 at 9:24:05 AM
21 verbose request id 17066447d6569f25
22 verbose etag "BY9BEXS3DT9YLB33ORP7HJLSD"
23 http request GET https://registry.npmjs.org/gulp-cli
24 http 200 https://registry.npmjs.org/gulp-cli
25 verbose headers { server: 'CouchDB/1.5.0 (Erlang OTP/R16B03)',
25 verbose headers   etag: '"AHZRKLTVOAZE3WV79RVPMSDAA"',
25 verbose headers   'content-type': 'application/json',
25 verbose headers   'content-encoding': 'gzip',
25 verbose headers   'cache-control': 'max-age=300',
25 verbose headers   'content-length': '6108',
25 verbose headers   'accept-ranges': 'bytes',
25 verbose headers   date: 'Fri, 22 Jul 2016 08:24:02 GMT',
25 verbose headers   via: '1.1 varnish',
25 verbose headers   age: '6',
25 verbose headers   connection: 'keep-alive',
25 verbose headers   'x-served-by': 'cache-lcy1123-LCY',
25 verbose headers   'x-cache': 'HIT',
25 verbose headers   'x-cache-hits': '1',
25 verbose headers   'x-timer': 'S1469175842.139450,VS0,VE11',
25 verbose headers   vary: 'Accept-Encoding' }
26 silly get cb [ 200,
26 silly get   { server: 'CouchDB/1.5.0 (Erlang OTP/R16B03)',
26 silly get     etag: '"AHZRKLTVOAZE3WV79RVPMSDAA"',
26 silly get     'content-type': 'application/json',
26 silly get     'content-encoding': 'gzip',
26 silly get     'cache-control': 'max-age=300',
26 silly get     'content-length': '6108',
26 silly get     'accept-ranges': 'bytes',
26 silly get     date: 'Fri, 22 Jul 2016 08:24:02 GMT',
26 silly get     via: '1.1 varnish',
26 silly get     age: '6',
26 silly get     connection: 'keep-alive',
26 silly get     'x-served-by': 'cache-lcy1123-LCY',
26 silly get     'x-cache': 'HIT',
26 silly get     'x-cache-hits': '1',
26 silly get     'x-timer': 'S1469175842.139450,VS0,VE11',
26 silly get     vary: 'Accept-Encoding' } ]
27 verbose get saving gulp-cli to C:\Users\mjd\AppData\Roaming\npm-cache\registry.npmjs.org\gulp-cli\.cache.json
28 verbose correctMkdir C:\Users\mjd\AppData\Roaming\npm-cache correctMkdir not in flight; initializing
29 silly addNameTag next cb for gulp-cli with tag latest
30 silly addNamed gulp-cli@1.2.2
31 verbose addNamed "1.2.2" is a plain semver version for gulp-cli
32 silly cache afterAdd gulp-cli@1.2.2
33 verbose afterAdd C:\Users\mjd\AppData\Roaming\npm-cache\gulp-cli\1.2.2\package\package.json not in flight; writing
34 verbose correctMkdir C:\Users\mjd\AppData\Roaming\npm-cache correctMkdir not in flight; initializing
35 verbose afterAdd C:\Users\mjd\AppData\Roaming\npm-cache\gulp-cli\1.2.2\package\package.json written
36 silly install resolved [ { name: 'gulp-cli',
36 silly install resolved     version: '1.2.2',
36 silly install resolved     description: 'Command line interface for gulp',
36 silly install resolved     author:
36 silly install resolved      { name: 'Gulp Team',
36 silly install resolved        email: 'team@gulpjs.com',
36 silly install resolved        url: 'http://gulpjs.com/' },
36 silly install resolved     contributors: [],
36 silly install resolved     homepage: 'http://gulpjs.com',
36 silly install resolved     repository:
36 silly install resolved      { type: 'git',
36 silly install resolved        url: 'git+https://github.com/gulpjs/gulp-cli.git' },
36 silly install resolved     license: 'MIT',
36 silly install resolved     man: [ 'gulp.1' ],
36 silly install resolved     engines: { node: '>= 0.10' },
36 silly install resolved     main: 'index.js',
36 silly install resolved     bin: { gulp: 'bin/gulp.js' },
36 silly install resolved     files: [ 'index.js', 'lib', 'bin', 'completion', 'gulp.1' ],
36 silly install resolved     scripts:
36 silly install resolved      { coveralls: 'lab -r lcov | coveralls',
36 silly install resolved        lint: 'eslint . && jscs index.js bin/ lib/ test/',
36 silly install resolved        prepublish: 'marked-man --name gulp docs/CLI.md > gulp.1',
36 silly install resolved        pretest: 'npm run lint',
36 silly install resolved        test: 'lab test/*.js -cv -I Reflect',
36 silly install resolved        changelog: 'github-changes -o gulpjs -r gulp-cli -b master -f ./CHANGELOG.md --order-semver --use-commit-body' },
36 silly install resolved     dependencies:
36 silly install resolved      { archy: '^1.0.0',
36 silly install resolved        chalk: '^1.1.0',
36 silly install resolved        'fancy-log': '^1.1.0',
36 silly install resolved        gulplog: '^1.0.0',
36 silly install resolved        interpret: '^1.0.0',
36 silly install resolved        liftoff: '^2.1.0',
36 silly install resolved        'lodash.isfunction': '^3.0.8',
36 silly install resolved        'lodash.isplainobject': '^4.0.4',
36 silly install resolved        'lodash.isstring': '^4.0.1',
36 silly install resolved        'lodash.sortby': '^4.5.0',
36 silly install resolved        matchdep: '^1.0.0',
36 silly install resolved        'mute-stdout': '^1.0.0',
36 silly install resolved        'pretty-hrtime': '^1.0.0',
36 silly install resolved        'semver-greatest-satisfied-range': '^1.0.0',
36 silly install resolved        tildify: '^1.0.0',
36 silly install resolved        v8flags: '^2.0.9',
36 silly install resolved        wreck: '^6.3.0',
36 silly install resolved        yargs: '^3.28.0' },
36 silly install resolved     devDependencies:
36 silly install resolved      { 'babel-preset-es2015': '^6.5.0',
36 silly install resolved        'babel-register': '^6.5.1',
36 silly install resolved        code: '^1.2.1',
36 silly install resolved        coveralls: '^2.7.0',
36 silly install resolved        eslint: '^1.7.3',
36 silly install resolved        'eslint-config-gulp': '^2.0.0',
36 silly install resolved        'fs-extra': '^0.26.1',
36 silly install resolved        'github-changes': '^1.0.1',
36 silly install resolved        gulp: 'github:gulpjs/gulp#4.0',
36 silly install resolved        jscs: '^2.3.5',
36 silly install resolved        'jscs-preset-gulp': '^1.0.0',
36 silly install resolved        lab: '^6.2.0',
36 silly install resolved        'marked-man': '^0.1.3' },
36 silly install resolved     keywords: [ 'build', 'stream', 'system', 'make', 'tool', 'asset', 'pipeline' ],
36 silly install resolved     gitHead: '51b301a043bd5617465fbb73ced86bf2c35a1924',
36 silly install resolved     bugs: { url: 'https://github.com/gulpjs/gulp-cli/issues' },
36 silly install resolved     _id: 'gulp-cli@1.2.2',
36 silly install resolved     _shasum: '7392def6316c6e7939a4f296f3f540151ae3a275',
36 silly install resolved     _from: 'gulp-cli@latest',
36 silly install resolved     _npmVersion: '2.15.2',
36 silly install resolved     _nodeVersion: '0.10.41',
36 silly install resolved     _npmUser: { name: 'phated', email: 'blaine.bublitz@gmail.com' },
36 silly install resolved     maintainers: [ [Object], [Object], [Object] ],
36 silly install resolved     dist:
36 silly install resolved      { shasum: '7392def6316c6e7939a4f296f3f540151ae3a275',
36 silly install resolved        tarball: 'https://registry.npmjs.org/gulp-cli/-/gulp-cli-1.2.2.tgz' },
36 silly install resolved     _npmOperationalInternal:
36 silly install resolved      { host: 'packages-16-east.internal.npmjs.com',
36 silly install resolved        tmp: 'tmp/gulp-cli-1.2.2.tgz_1468605495802_0.5796305062249303' },
36 silly install resolved     directories: {},
36 silly install resolved     _resolved: 'https://registry.npmjs.org/gulp-cli/-/gulp-cli-1.2.2.tgz',
36 silly install resolved     readme: 'ERROR: No README data found!' } ]
37 info install gulp-cli@1.2.2 into C:\Users\mjd\AppData\Roaming\npm
38 info installOne gulp-cli@1.2.2
39 verbose installOne of gulp-cli to C:\Users\mjd\AppData\Roaming\npm not in flight; installing
40 verbose correctMkdir C:\Users\mjd\AppData\Roaming\npm-cache\_locks correctMkdir not in flight; initializing
41 verbose lock using C:\Users\mjd\AppData\Roaming\npm-cache\_locks\gulp-cli-d27987633abbbe52.lock for C:\Users\mjd\AppData\Roaming\npm\node_modules\gulp-cli
42 silly install write writing gulp-cli 1.2.2 to C:\Users\mjd\AppData\Roaming\npm\node_modules\gulp-cli
43 verbose unbuild node_modules\gulp-cli
44 info preuninstall gulp-cli@1.2.2
45 info uninstall gulp-cli@1.2.2
46 verbose unbuild rmStuff gulp-cli@1.2.2 from C:\Users\mjd\AppData\Roaming\npm\node_modules
47 silly gentlyRm C:\Users\mjd\AppData\Roaming\npm\gulp.cmd is being gently removed
48 silly gentlyRm verifying C:\Users\mjd\AppData\Roaming\npm is an npm working directory
49 silly gentlyRm containing path C:\Users\mjd\AppData\Roaming\npm is under npm's control, in C:\Users\mjd\AppData\Roaming\npm
50 silly gentlyRm deletion target C:\Users\mjd\AppData\Roaming\npm\gulp.cmd is under C:\Users\mjd\AppData\Roaming\npm
51 verbose gentlyRm vacuuming from C:\Users\mjd\AppData\Roaming\npm\gulp.cmd up to C:\Users\mjd\AppData\Roaming\npm
52 silly gentlyRm C:\Users\mjd\AppData\Roaming\npm\gulp is being gently removed
53 silly gentlyRm verifying C:\Users\mjd\AppData\Roaming\npm is an npm working directory
54 silly gentlyRm containing path C:\Users\mjd\AppData\Roaming\npm is under npm's control, in C:\Users\mjd\AppData\Roaming\npm
55 silly gentlyRm deletion target C:\Users\mjd\AppData\Roaming\npm\gulp is under C:\Users\mjd\AppData\Roaming\npm
56 verbose gentlyRm vacuuming from C:\Users\mjd\AppData\Roaming\npm\gulp up to C:\Users\mjd\AppData\Roaming\npm
57 silly vacuum-fs Error: EPERM: operation not permitted, lstat 'C:\Users\mjd\AppData\Roaming\npm\gulp'
57 silly vacuum-fs     at Error (native)
58 verbose unlock done using C:\Users\mjd\AppData\Roaming\npm-cache\_locks\gulp-cli-d27987633abbbe52.lock for C:\Users\mjd\AppData\Roaming\npm\node_modules\gulp-cli
59 verbose stack Error: EPERM: operation not permitted, lstat 'C:\Users\mjd\AppData\Roaming\npm\gulp'
59 verbose stack     at Error (native)
60 verbose cwd C:\mjd\web sites\devopsdilworth
61 error Windows_NT 10.0.10586
62 error argv "C:\\Program Files\\nodejs\\node.exe" "C:\\Program Files\\nodejs\\node_modules\\npm\\bin\\npm-cli.js" "install" "-g" "gulp-cli"
63 error node v4.4.7
64 error npm  v2.15.8
65 error path C:\Users\mjd\AppData\Roaming\npm\gulp
66 error code EPERM
67 error errno -4048
68 error syscall lstat
69 error Error: EPERM: operation not permitted, lstat 'C:\Users\mjd\AppData\Roaming\npm\gulp'
69 error     at Error (native)
69 error  { [Error: EPERM: operation not permitted, lstat 'C:\Users\mjd\AppData\Roaming\npm\gulp']
69 error   errno: -4048,
69 error   code: 'EPERM',
69 error   syscall: 'lstat',
69 error   path: 'C:\\Users\\mjd\\AppData\\Roaming\\npm\\gulp' }
70 error Please try running this command again as root/Administrator.
71 verbose exit [ -4048, true ]
72 verbose unbuild node_modules\gulp-cli
73 info preuninstall gulp-cli@1.2.2
74 info uninstall gulp-cli@1.2.2
75 verbose unbuild rmStuff gulp-cli@1.2.2 from C:\Users\mjd\AppData\Roaming\npm\node_modules
76 silly gentlyRm C:\Users\mjd\AppData\Roaming\npm\gulp.cmd is being gently removed
77 silly gentlyRm verifying C:\Users\mjd\AppData\Roaming\npm is an npm working directory
78 silly gentlyRm containing path C:\Users\mjd\AppData\Roaming\npm is under npm's control, in C:\Users\mjd\AppData\Roaming\npm
79 silly gentlyRm deletion target C:\Users\mjd\AppData\Roaming\npm\gulp.cmd is under C:\Users\mjd\AppData\Roaming\npm
80 verbose gentlyRm vacuuming from C:\Users\mjd\AppData\Roaming\npm\gulp.cmd up to C:\Users\mjd\AppData\Roaming\npm
81 silly gentlyRm C:\Users\mjd\AppData\Roaming\npm\gulp is being gently removed
82 silly gentlyRm verifying C:\Users\mjd\AppData\Roaming\npm is an npm working directory
83 silly gentlyRm containing path C:\Users\mjd\AppData\Roaming\npm is under npm's control, in C:\Users\mjd\AppData\Roaming\npm
84 silly gentlyRm deletion target C:\Users\mjd\AppData\Roaming\npm\gulp is under C:\Users\mjd\AppData\Roaming\npm
85 verbose gentlyRm vacuuming from C:\Users\mjd\AppData\Roaming\npm\gulp up to C:\Users\mjd\AppData\Roaming\npm
86 silly vacuum-fs Error: EPERM: operation not permitted, lstat 'C:\Users\mjd\AppData\Roaming\npm\gulp'
86 silly vacuum-fs     at Error (native)
87 error error rolling back Error: EPERM: operation not permitted, lstat 'C:\Users\mjd\AppData\Roaming\npm\gulp'
87 error error rolling back     at Error (native)
87 error error rolling back  { [Error: EPERM: operation not permitted, lstat 'C:\Users\mjd\AppData\Roaming\npm\gulp']
87 error error rolling back   errno: -4048,
87 error error rolling back   code: 'EPERM',
87 error error rolling back   syscall: 'lstat',
87 error error rolling back   path: 'C:\\Users\\mjd\\AppData\\Roaming\\npm\\gulp' }
